Arguments: 
  C:\Program Files (x86)\nodejs\node.exe C:\Program Files (x86)\Yarn\bin\yarn.js add mediainfo -d

PATH: 
  C:\Program Files\Git\mingw64\bin;C:\Program Files\Git\usr\bin;C:\Users\Admin\bin;C:\Program Files (x86)\Microsoft SDKs\Azure\CLI2\wbin;C:\WINDOWS\system32;C:\WINDOWS;C:\WINDOWS\System32\Wbem;C:\WINDOWS\System32\WindowsPowerShell\v1.0;C:\Program Files\dotnet;C:\Program Files\Microsoft SQL Server\130\Tools\Binn;C:\PostgreSQL\pg96\bin;C:\Program Files\Redis;C:\Program Files (x86)\nodejs;C:\Program Files (x86)\Yarn\bin;C:\WINDOWS\System32\OpenSSH;C:\Program Files\MongoDB\Server\3.6\bin;C:\Go\bin;C:\Program Files\Microsoft VS Code\bin;C:\Program Files\Git\cmd;C:\Users\Admin\AppData\Local\Programs\Python\Python36-32\Scripts;C:\Users\Admin\AppData\Local\Programs\Python\Python36-32;C:\Users\Admin\AppData\Local\Microsoft\WindowsApps;C:\Users\Admin\AppData\Local\GitHubDesktop\bin;C:\Users\Admin\AppData\Roaming\npm;C:\Users\Admin\AppData\Local\Yarn\bin;C:\Python27;C:\Program Files\Microsoft VS Code\bin;C:\Program Files\heroku\bin;C:\Users\Admin\AppData\Local\Google\Cloud SDK\google-cloud-sdk\bin;C:\Users\Admin\go\bin;C:\Users\Admin\.dotnet\tools;C:\Users\Admin\AppData\Local\atom\bin;%USERPROFILE%\AppData\Local\Microsoft\WindowsApps

Yarn version: 
  1.5.1

Node version: 
  9.10.0

Platform: 
  win32 ia32

npm manifest: 
  {
    "name": "video-details",
    "version": "1.0.0",
    "description": "",
    "main": "index.js",
    "scripts": {
      "test": "echo \"Error: no test specified\" && exit 1"
    },
    "author": "",
    "license": "ISC",
    "dependencies": {
      "fileinfo": "^1.0.4",
      "fluent-ffmpeg": "^2.1.2"
    }
  }

yarn manifest: 
  No manifest

Lockfile: 
  # THIS IS AN AUTOGENERATED FILE. DO NOT EDIT THIS FILE DIRECTLY.
  # yarn lockfile v1
  
  
  async@>=0.2.9:
    version "2.6.1"
    resolved "https://registry.yarnpkg.com/async/-/async-2.6.1.tgz#b245a23ca71930044ec53fa46aa00a3e87c6a610"
    dependencies:
      lodash "^4.17.10"
  
  fileinfo@^1.0.4:
    version "1.0.4"
    resolved "https://registry.yarnpkg.com/fileinfo/-/fileinfo-1.0.4.tgz#5989a81eebb711176328ae5e3e35fb14a9524180"
  
  fluent-ffmpeg@^2.1.2:
    version "2.1.2"
    resolved "https://registry.yarnpkg.com/fluent-ffmpeg/-/fluent-ffmpeg-2.1.2.tgz#c952de2240f812ebda0aa8006d7776ee2acf7d74"
    dependencies:
      async ">=0.2.9"
      which "^1.1.1"
  
  isexe@^2.0.0:
    version "2.0.0"
    resolved "https://registry.yarnpkg.com/isexe/-/isexe-2.0.0.tgz#e8fbf374dc556ff8947a10dcb0572d633f2cfa10"
  
  lodash@^4.17.10:
    version "4.17.11"
    resolved "https://registry.yarnpkg.com/lodash/-/lodash-4.17.11.tgz#b39ea6229ef607ecd89e2c8df12536891cac9b8d"
  
  which@^1.1.1:
    version "1.3.1"
    resolved "https://registry.yarnpkg.com/which/-/which-1.3.1.tgz#a45043d54f5805316da8d62f9f50918d3da70b0a"
    dependencies:
      isexe "^2.0.0"

Trace: 
  Error: D:\source-code\video-details\node_modules\node-expat: Command failed.
  Exit code: 1
  Command: C:\WINDOWS\system32\cmd.exe
  Arguments: /d /s /c node-gyp rebuild
  Directory: D:\source-code\video-details\node_modules\node-expat
  Output:
  D:\source-code\video-details\node_modules\node-expat>if not defined npm_config_node_gyp (node "C:\Program Files (x86)\nodejs\node_modules\npm\bin\node-gyp-bin\\..\..\node_modules\node-gyp\bin\node-gyp.js" rebuild )  else (node "" rebuild ) 
  gyp info it worked if it ends with ok
  gyp info using node-gyp@3.6.2
  gyp info using node@9.10.0 | win32 | ia32
  gyp info spawn C:\Python27\python.exe
  gyp info spawn args [ 'C:\\Program Files (x86)\\nodejs\\node_modules\\npm\\node_modules\\node-gyp\\gyp\\gyp_main.py',
  gyp info spawn args   'binding.gyp',
  gyp info spawn args   '-f',
  gyp info spawn args   'msvs',
  gyp info spawn args   '-G',
  gyp info spawn args   'msvs_version=auto',
  gyp info spawn args   '-I',
  gyp info spawn args   'D:\\source-code\\video-details\\node_modules\\node-expat\\build\\config.gypi',
  gyp info spawn args   '-I',
  gyp info spawn args   'C:\\Program Files (x86)\\nodejs\\node_modules\\npm\\node_modules\\node-gyp\\addon.gypi',
  gyp info spawn args   '-I',
  gyp info spawn args   'C:\\Users\\Admin\\.node-gyp\\9.10.0\\include\\node\\common.gypi',
  gyp info spawn args   '-Dlibrary=shared_library',
  gyp info spawn args   '-Dvisibility=default',
  gyp info spawn args   '-Dnode_root_dir=C:\\Users\\Admin\\.node-gyp\\9.10.0',
  gyp info spawn args   '-Dnode_gyp_dir=C:\\Program Files (x86)\\nodejs\\node_modules\\npm\\node_modules\\node-gyp',
  gyp info spawn args   '-Dnode_lib_file=C:\\Users\\Admin\\.node-gyp\\9.10.0\\<(target_arch)\\node.lib',
  gyp info spawn args   '-Dmodule_root_dir=D:\\source-code\\video-details\\node_modules\\node-expat',
  gyp info spawn args   '-Dnode_engine=v8',
  gyp info spawn args   '--depth=.',
  gyp info spawn args   '--no-parallel',
  gyp info spawn args   '--generator-output',
  gyp info spawn args   'D:\\source-code\\video-details\\node_modules\\node-expat\\build',
  gyp info spawn args   '-Goutput_dir=.' ]
  gyp info spawn C:\Program Files (x86)\MSBuild\14.0\bin\msbuild.exe
  gyp info spawn args [ 'build/binding.sln',
  gyp info spawn args   '/clp:Verbosity=minimal',
  gyp info spawn args   '/nologo',
  gyp info spawn args   '/p:Configuration=Release;Platform=Win32' ]
  Building the projects in this solution one at a time. To enable parallel build, please add the "/m" switch.
    xmlparse.c
    xmltok.c
    xmlrole.c
    win_delay_load_hook.cc
    expat.vcxproj -> D:\source-code\video-details\node_modules\node-expat\build\Release\\libexpat.lib
    node-expat.cc
    win_delay_load_hook.cc
  ..\node-expat.cc(54): error C4430: missing type specifier - int assumed. Note: C++ does not support default-int [D:\source-code\video-details\node_modules\node-expat\build\node_expat.vcxproj]
  ..\node-expat.cc(54): error C2143: syntax error: missing ',' before '&' [D:\source-code\video-details\node_modules\node-expat\build\node_expat.vcxproj]
  ..\node-expat.cc(99): error C4430: missing type specifier - int assumed. Note: C++ does not support default-int [D:\source-code\video-details\node_modules\node-expat\build\node_expat.vcxproj]
  ..\node-expat.cc(99): error C2143: syntax error: missing ',' before '&' [D:\source-code\video-details\node_modules\node-expat\build\node_expat.vcxproj]
  ..\node-expat.cc(171): error C4430: missing type specifier - int assumed. Note: C++ does not support default-int [D:\source-code\video-details\node_modules\node-expat\build\node_expat.vcxproj]
  ..\node-expat.cc(171): error C2143: syntax error: missing ',' before '&' [D:\source-code\video-details\node_modules\node-expat\build\node_expat.vcxproj]
  ..\node-expat.cc(198): error C4430: missing type specifier - int assumed. Note: C++ does not support default-int [D:\source-code\video-details\node_modules\node-expat\build\node_expat.vcxproj]
  ..\node-expat.cc(198): error C2143: syntax error: missing ',' before '&' [D:\source-code\video-details\node_modules\node-expat\build\node_expat.vcxproj]
  ..\node-expat.cc(212): error C4430: missing type specifier - int assumed. Note: C++ does not support default-int [D:\source-code\video-details\node_modules\node-expat\build\node_expat.vcxproj]
  ..\node-expat.cc(212): error C2143: syntax error: missing ',' before '&' [D:\source-code\video-details\node_modules\node-expat\build\node_expat.vcxproj]
  ..\node-expat.cc(229): error C4430: missing type specifier - int assumed. Note: C++ does not support default-int [D:\source-code\video-details\node_modules\node-expat\build\node_expat.vcxproj]
  ..\node-expat.cc(229): error C2143: syntax error: missing ',' before '&' [D:\source-code\video-details\node_modules\node-expat\build\node_expat.vcxproj]
  ..\node-expat.cc(244): error C4430: missing type specifier - int assumed. Note: C++ does not support default-int [D:\source-code\video-details\node_modules\node-expat\build\node_expat.vcxproj]
  ..\node-expat.cc(244): error C2143: syntax error: missing ',' before '&' [D:\source-code\video-details\node_modules\node-expat\build\node_expat.vcxproj]
  ..\node-expat.cc(272): error C4430: missing type specifier - int assumed. Note: C++ does not support default-int [D:\source-code\video-details\node_modules\node-expat\build\node_expat.vcxproj]
  ..\node-expat.cc(272): error C2143: syntax error: missing ',' before '&' [D:\source-code\video-details\node_modules\node-expat\build\node_expat.vcxproj]
  ..\node-expat.cc(285): error C4430: missing type specifier - int assumed. Note: C++ does not support default-int [D:\source-code\video-details\node_modules\node-expat\build\node_expat.vcxproj]
  ..\node-expat.cc(285): error C2143: syntax error: missing ',' before '&' [D:\source-code\video-details\node_modules\node-expat\build\node_expat.vcxproj]
  ..\node-expat.cc(298): error C4430: missing type specifier - int assumed. Note: C++ does not support default-int [D:\source-code\video-details\node_modules\node-expat\build\node_expat.vcxproj]
  ..\node-expat.cc(298): error C2143: syntax error: missing ',' before '&' [D:\source-code\video-details\node_modules\node-expat\build\node_expat.vcxproj]
  ..\node-expat.cc(22): error C2248: 'v8::HandleScope::HandleScope': cannot access protected member declared in class 'v8::HandleScope' [D:\source-code\video-details\node_modules\node-expat\build\node_expat.vcxproj]
    c:\users\admin\.node-gyp\9.10.0\include\node\v8.h(876): note: see declaration of 'v8::HandleScope::HandleScope'
    c:\users\admin\.node-gyp\9.10.0\include\node\v8.h(857): note: see declaration of 'v8::HandleScope'
  ..\node-expat.cc(23): error C2664: 'v8::Local<v8::FunctionTemplate> v8::FunctionTemplate::New(v8::Isolate *,v8::FunctionCallback,v8::Local<v8::Value>,v8::Local<v8::Signature>,int,v8::ConstructorBehavior)': cannot convert argument 1 from 'v8::Local<v8::Value> (__cdecl *)(const int)' to 'v8::Isolate *' [D:\source-code\video-details\node_modules\node-expat\build\node_expat.vcxproj]
    ..\node-expat.cc(23): note: There is no context in which this conversion is possible
  ..\node-expat.cc(27): error C2664: 'void node::NODE_SET_PROTOTYPE_METHOD(v8::Local<v8::FunctionTemplate>,const char *,v8::FunctionCallback)': cannot convert argument 3 from 'v8::Local<v8::Value> (__cdecl *)(const int)' to 'v8::FunctionCallback' [D:\source-code\video-details\node_modules\node-expat\build\node_expat.vcxproj]
    ..\node-expat.cc(27): note: None of the functions with this name in scope match the target type
  ..\node-expat.cc(28): error C2664: 'void node::NODE_SET_PROTOTYPE_METHOD(v8::Local<v8::FunctionTemplate>,const char *,v8::FunctionCallback)': cannot convert argument 3 from 'v8::Local<v8::Value> (__cdecl *)(const int)' to 'v8::FunctionCallback' [D:\source-code\video-details\node_modules\node-expat\build\node_expat.vcxproj]
    ..\node-expat.cc(28): note: None of the functions with this name in scope match the target type
  ..\node-expat.cc(29): error C2664: 'void node::NODE_SET_PROTOTYPE_METHOD(v8::Local<v8::FunctionTemplate>,const char *,v8::FunctionCallback)': cannot convert argument 3 from 'v8::Local<v8::Value> (__cdecl *)(const int)' to 'v8::FunctionCallback' [D:\source-code\video-details\node_modules\node-expat\build\node_expat.vcxproj]
    ..\node-expat.cc(29): note: None of the functions with this name in scope match the target type
  ..\node-expat.cc(30): error C2664: 'void node::NODE_SET_PROTOTYPE_METHOD(v8::Local<v8::FunctionTemplate>,const char *,v8::FunctionCallback)': cannot convert argument 3 from 'v8::Local<v8::Value> (__cdecl *)(const int)' to 'v8::FunctionCallback' [D:\source-code\video-details\node_modules\node-expat\build\node_expat.vcxproj]
    ..\node-expat.cc(30): note: None of the functions with this name in scope match the target type
  ..\node-expat.cc(31): error C2664: 'void node::NODE_SET_PROTOTYPE_METHOD(v8::Local<v8::FunctionTemplate>,const char *,v8::FunctionCallback)': cannot convert argument 3 from 'v8::Local<v8::Value> (__cdecl *)(const int)' to 'v8::FunctionCallback' [D:\source-code\video-details\node_modules\node-expat\build\node_expat.vcxproj]
    ..\node-expat.cc(31): note: None of the functions with this name in scope match the target type
  ..\node-expat.cc(32): error C2664: 'void node::NODE_SET_PROTOTYPE_METHOD(v8::Local<v8::FunctionTemplate>,const char *,v8::FunctionCallback)': cannot convert argument 3 from 'v8::Local<v8::Value> (__cdecl *)(const int)' to 'v8::FunctionCallback' [D:\source-code\video-details\node_modules\node-expat\build\node_expat.vcxproj]
    ..\node-expat.cc(32): note: None of the functions with this name in scope match the target type
  ..\node-expat.cc(33): error C2664: 'void node::NODE_SET_PROTOTYPE_METHOD(v8::Local<v8::FunctionTemplate>,const char *,v8::FunctionCallback)': cannot convert argument 3 from 'v8::Local<v8::Value> (__cdecl *)(const int)' to 'v8::FunctionCallback' [D:\source-code\video-details\node_modules\node-expat\build\node_expat.vcxproj]
    ..\node-expat.cc(33): note: None of the functions with this name in scope match the target type
  ..\node-expat.cc(34): error C2664: 'void node::NODE_SET_PROTOTYPE_METHOD(v8::Local<v8::FunctionTemplate>,const char *,v8::FunctionCallback)': cannot convert argument 3 from 'v8::Local<v8::Value> (__cdecl *)(const int)' to 'v8::FunctionCallback' [D:\source-code\video-details\node_modules\node-expat\build\node_expat.vcxproj]
    ..\node-expat.cc(34): note: None of the functions with this name in scope match the target type
  ..\node-expat.cc(35): error C2664: 'void node::NODE_SET_PROTOTYPE_METHOD(v8::Local<v8::FunctionTemplate>,const char *,v8::FunctionCallback)': cannot convert argument 3 from 'v8::Local<v8::Value> (__cdecl *)(const int)' to 'v8::FunctionCallback' [D:\source-code\video-details\node_modules\node-expat\build\node_expat.vcxproj]
    ..\node-expat.cc(35): note: None of the functions with this name in scope match the target type
  ..\node-expat.cc(37): error C2039: 'NewSymbol': is not a member of 'v8::String' [D:\source-code\video-details\node_modules\node-expat\build\node_expat.vcxproj]
    c:\users\admin\.node-gyp\9.10.0\include\node\v8.h(2503): note: see declaration of 'v8::String'
  ..\node-expat.cc(37): error C3861: 'NewSymbol': identifier not found [D:\source-code\video-details\node_modules\node-expat\build\node_expat.vcxproj]
  ..\node-expat.cc(39): error C3861: 'NODE_PSYMBOL': identifier not found [D:\source-code\video-details\node_modules\node-expat\build\node_expat.vcxproj]
  ..\node-expat.cc(40): error C3861: 'NODE_PSYMBOL': identifier not found [D:\source-code\video-details\node_modules\node-expat\build\node_expat.vcxproj]
  ..\node-expat.cc(41): error C3861: 'NODE_PSYMBOL': identifier not found [D:\source-code\video-details\node_modules\node-expat\build\node_expat.vcxproj]
  ..\node-expat.cc(42): error C3861: 'NODE_PSYMBOL': identifier not found [D:\source-code\video-details\node_modules\node-expat\build\node_expat.vcxproj]
  ..\node-expat.cc(43): error C3861: 'NODE_PSYMBOL': identifier not found [D:\source-code\video-details\node_modules\node-expat\build\node_expat.vcxproj]
  ..\node-expat.cc(44): error C3861: 'NODE_PSYMBOL': identifier not found [D:\source-code\video-details\node_modules\node-expat\build\node_expat.vcxproj]
  ..\node-expat.cc(45): error C3861: 'NODE_PSYMBOL': identifier not found [D:\source-code\video-details\node_modules\node-expat\build\node_expat.vcxproj]
  ..\node-expat.cc(46): error C3861: 'NODE_PSYMBOL': identifier not found [D:\source-code\video-details\node_modules\node-expat\build\node_expat.vcxproj]
  ..\node-expat.cc(47): error C3861: 'NODE_PSYMBOL': identifier not found [D:\source-code\video-details\node_modules\node-expat\build\node_expat.vcxproj]
  ..\node-expat.cc(48): error C3861: 'NODE_PSYMBOL': identifier not found [D:\source-code\video-details\node_modules\node-expat\build\node_expat.vcxproj]
  ..\node-expat.cc(56): error C2248: 'v8::HandleScope::HandleScope': cannot access protected member declared in class 'v8::HandleScope' [D:\source-code\video-details\node_modules\node-expat\build\node_expat.vcxproj]
    c:\users\admin\.node-gyp\9.10.0\include\node\v8.h(876): note: see declaration of 'v8::HandleScope::HandleScope'
    c:\users\admin\.node-gyp\9.10.0\include\node\v8.h(857): note: see declaration of 'v8::HandleScope'
  ..\node-expat.cc(58): error C2065: 'args': undeclared identifier [D:\source-code\video-details\node_modules\node-expat\build\node_expat.vcxproj]
  ..\node-expat.cc(58): error C2228: left of '.Length' must have class/struct/union [D:\source-code\video-details\node_modules\node-expat\build\node_expat.vcxproj]
    ..\node-expat.cc(58): note: type is 'unknown-type'
  ..\node-expat.cc(58): error C2227: left of '->IsString' must point to class/struct/union/generic type [D:\source-code\video-details\node_modules\node-expat\build\node_expat.vcxproj]
  ..\node-expat.cc(61): error C2065: 'args': undeclared identifier [D:\source-code\video-details\node_modules\node-expat\build\node_expat.vcxproj]
  ..\node-expat.cc(61): error C2227: left of '->ToString' must point to class/struct/union/generic type [D:\source-code\video-details\node_modules\node-expat\build\node_expat.vcxproj]
  ..\node-expat.cc(61): error C2227: left of '->WriteAscii' must point to class/struct/union/generic type [D:\source-code\video-details\node_modules\node-expat\build\node_expat.vcxproj]
  ..\node-expat.cc(67): error C2065: 'args': undeclared identifier [D:\source-code\video-details\node_modules\node-expat\build\node_expat.vcxproj]
  ..\node-expat.cc(67): error C2228: left of '.This' must have class/struct/union [D:\source-code\video-details\node_modules\node-expat\build\node_expat.vcxproj]
    ..\node-expat.cc(67): note: type is 'unknown-type'
  ..\node-expat.cc(68): error C2065: 'args': undeclared identifier [D:\source-code\video-details\node_modules\node-expat\build\node_expat.vcxproj]
  ..\node-expat.cc(68): error C2228: left of '.This' must have class/struct/union [D:\source-code\video-details\node_modules\node-expat\build\node_expat.vcxproj]
    ..\node-expat.cc(68): note: type is 'unknown-type'
  ..\node-expat.cc(101): error C2065: 'args': undeclared identifier [D:\source-code\video-details\node_modules\node-expat\build\node_expat.vcxproj]
  ..\node-expat.cc(101): error C2228: left of '.This' must have class/struct/union [D:\source-code\video-details\node_modules\node-expat\build\node_expat.vcxproj]
    ..\node-expat.cc(101): note: type is 'unknown-type'
  ..\node-expat.cc(102): error C2248: 'v8::HandleScope::HandleScope': cannot access protected member declared in class 'v8::HandleScope' [D:\source-code\video-details\node_modules\node-expat\build\node_expat.vcxproj]
    c:\users\admin\.node-gyp\9.10.0\include\node\v8.h(876): note: see declaration of 'v8::HandleScope::HandleScope'
    c:\users\admin\.node-gyp\9.10.0\include\node\v8.h(857): note: see declaration of 'v8::HandleScope'
  ..\node-expat.cc(107): error C2065: 'args': undeclared identifier [D:\source-code\video-details\node_modules\node-expat\build\node_expat.vcxproj]
  ..\node-expat.cc(107): error C2228: left of '.Length' must have class/struct/union [D:\source-code\video-details\node_modules\node-expat\build\node_expat.vcxproj]
    ..\node-expat.cc(107): note: type is 'unknown-type'
  ..\node-expat.cc(109): error C2065: 'args': undeclared identifier [D:\source-code\video-details\node_modules\node-expat\build\node_expat.vcxproj]
  ..\node-expat.cc(109): error C2227: left of '->IsTrue' must point to class/struct/union/generic type [D:\source-code\video-details\node_modules\node-expat\build\node_expat.vcxproj]
  ..\node-expat.cc(113): error C2065: 'args': undeclared identifier [D:\source-code\video-details\node_modules\node-expat\build\node_expat.vcxproj]
  ..\node-expat.cc(113): error C2228: left of '.Length' must have class/struct/union [D:\source-code\video-details\node_modules\node-expat\build\node_expat.vcxproj]
    ..\node-expat.cc(113): note: type is 'unknown-type'
  ..\node-expat.cc(113): error C2227: left of '->IsString' must point to class/struct/union/generic type [D:\source-code\video-details\node_modules\node-expat\build\node_expat.vcxproj]
  ..\node-expat.cc(115): error C2065: 'args': undeclared identifier [D:\source-code\video-details\node_modules\node-expat\build\node_expat.vcxproj]
  ..\node-expat.cc(115): error C2227: left of '->ToString' must point to class/struct/union/generic type [D:\source-code\video-details\node_modules\node-expat\build\node_expat.vcxproj]
  ..\node-expat.cc(116): error C2039: 'Close': is not a member of 'v8::HandleScope' [D:\source-code\video-details\node_modules\node-expat\build\node_expat.vcxproj]
    c:\users\admin\.node-gyp\9.10.0\include\node\v8.h(857): note: see declaration of 'v8::HandleScope'
  ..\node-expat.cc(116): error C2660: 'v8::True': function does not take 0 arguments [D:\source-code\video-details\node_modules\node-expat\build\node_expat.vcxproj]
  ..\node-expat.cc(116): error C2660: 'v8::False': function does not take 0 arguments [D:\source-code\video-details\node_modules\node-expat\build\node_expat.vcxproj]
  ..\node-expat.cc(118): error C2065: 'args': undeclared identifier [D:\source-code\video-details\node_modules\node-expat\build\node_expat.vcxproj]
  ..\node-expat.cc(118): error C2228: left of '.Length' must have class/struct/union [D:\source-code\video-details\node_modules\node-expat\build\node_expat.vcxproj]
    ..\node-expat.cc(118): note: type is 'unknown-type'
  ..\node-expat.cc(118): error C2227: left of '->IsObject' must point to class/struct/union/generic type [D:\source-code\video-details\node_modules\node-expat\build\node_expat.vcxproj]
  ..\node-expat.cc(120): error C2065: 'args': undeclared identifier [D:\source-code\video-details\node_modules\node-expat\build\node_expat.vcxproj]
  ..\node-expat.cc(120): error C2227: left of '->ToObject' must point to class/struct/union/generic type [D:\source-code\video-details\node_modules\node-expat\build\node_expat.vcxproj]
  ..\node-expat.cc(127): error C2039: 'Close': is not a member of 'v8::HandleScope' [D:\source-code\video-details\node_modules\node-expat\build\node_expat.vcxproj]
    c:\users\admin\.node-gyp\9.10.0\include\node\v8.h(857): note: see declaration of 'v8::HandleScope'
  ..\node-expat.cc(127): error C2660: 'v8::True': function does not take 0 arguments [D:\source-code\video-details\node_modules\node-expat\build\node_expat.vcxproj]
  ..\node-expat.cc(127): error C2660: 'v8::False': function does not take 0 arguments [D:\source-code\video-details\node_modules\node-expat\build\node_expat.vcxproj]
  ..\node-expat.cc(133): error C2039: 'New': is not a member of 'v8::String' [D:\source-code\video-details\node_modules\node-expat\build\node_expat.vcxproj]
    c:\users\admin\.node-gyp\9.10.0\include\node\v8.h(2503): note: see declaration of 'v8::String'
  ..\node-expat.cc(133): error C2664: 'v8::Local<v8::Value> Parser::New(const int)': cannot convert argument 1 from 'const char [38]' to 'const int' [D:\source-code\video-details\node_modules\node-expat\build\node_expat.vcxproj]
    ..\node-expat.cc(133): note: There is no context in which this conversion is possible
  ..\node-expat.cc(131): error C3861: 'ThrowException': identifier not found [D:\source-code\video-details\node_modules\node-expat\build\node_expat.vcxproj]
  ..\node-expat.cc(138): error C2039: 'New': is not a member of 'v8::String' [D:\source-code\video-details\node_modules\node-expat\build\node_expat.vcxproj]
    c:\users\admin\.node-gyp\9.10.0\include\node\v8.h(2503): note: see declaration of 'v8::String'
  ..\node-expat.cc(138): error C2664: 'v8::Local<v8::Value> Parser::New(const int)': cannot convert argument 1 from 'const char [38]' to 'const int' [D:\source-code\video-details\node_modules\node-expat\build\node_expat.vcxproj]
    ..\node-expat.cc(138): note: There is no context in which this conversion is possible
  ..\node-expat.cc(136): error C3861: 'ThrowException': identifier not found [D:\source-code\video-details\node_modules\node-expat\build\node_expat.vcxproj]
  ..\node-expat.cc(173): error C2065: 'args': undeclared identifier [D:\source-code\video-details\node_modules\node-expat\build\node_expat.vcxproj]
  ..\node-expat.cc(173): error C2228: left of '.This' must have class/struct/union [D:\source-code\video-details\node_modules\node-expat\build\node_expat.vcxproj]
    ..\node-expat.cc(173): note: type is 'unknown-type'
  ..\node-expat.cc(174): error C2248: 'v8::HandleScope::HandleScope': cannot access protected member declared in class 'v8::HandleScope' [D:\source-code\video-details\node_modules\node-expat\build\node_expat.vcxproj]
    c:\users\admin\.node-gyp\9.10.0\include\node\v8.h(876): note: see declaration of 'v8::HandleScope::HandleScope'
    c:\users\admin\.node-gyp\9.10.0\include\node\v8.h(857): note: see declaration of 'v8::HandleScope'
  ..\node-expat.cc(176): error C2065: 'args': undeclared identifier [D:\source-code\video-details\node_modules\node-expat\build\node_expat.vcxproj]
  ..\node-expat.cc(176): error C2228: left of '.Length' must have class/struct/union [D:\source-code\video-details\node_modules\node-expat\build\node_expat.vcxproj]
    ..\node-expat.cc(176): note: type is 'unknown-type'
  ..\node-expat.cc(176): error C2227: left of '->IsString' must point to class/struct/union/generic type [D:\source-code\video-details\node_modules\node-expat\build\node_expat.vcxproj]
  ..\node-expat.cc(179): error C2065: 'args': undeclared identifier [D:\source-code\video-details\node_modules\node-expat\build\node_expat.vcxproj]
  ..\node-expat.cc(179): error C2227: left of '->ToString' must point to class/struct/union/generic type [D:\source-code\video-details\node_modules\node-expat\build\node_expat.vcxproj]
  ..\node-expat.cc(179): error C2227: left of '->WriteAscii' must point to class/struct/union/generic type [D:\source-code\video-details\node_modules\node-expat\build\node_expat.vcxproj]
  ..\node-expat.cc(185): error C2039: 'Close': is not a member of 'v8::HandleScope' [D:\source-code\video-details\node_modules\node-expat\build\node_expat.vcxproj]
    c:\users\admin\.node-gyp\9.10.0\include\node\v8.h(857): note: see declaration of 'v8::HandleScope'
  ..\node-expat.cc(185): error C2660: 'v8::True': function does not take 0 arguments [D:\source-code\video-details\node_modules\node-expat\build\node_expat.vcxproj]
  ..\node-expat.cc(185): error C2660: 'v8::False': function does not take 0 arguments [D:\source-code\video-details\node_modules\node-expat\build\node_expat.vcxproj]
  ..\node-expat.cc(188): error C2660: 'v8::False': function does not take 0 arguments [D:\source-code\video-details\node_modules\node-expat\build\node_expat.vcxproj]
  ..\node-expat.cc(200): error C2248: 'v8::HandleScope::HandleScope': cannot access protected member declared in class 'v8::HandleScope' [D:\source-code\video-details\node_modules\node-expat\build\node_expat.vcxproj]
    c:\users\admin\.node-gyp\9.10.0\include\node\v8.h(876): note: see declaration of 'v8::HandleScope::HandleScope'
    c:\users\admin\.node-gyp\9.10.0\include\node\v8.h(857): note: see declaration of 'v8::HandleScope'
  ..\node-expat.cc(201): error C2065: 'args': undeclared identifier [D:\source-code\video-details\node_modules\node-expat\build\node_expat.vcxproj]
  ..\node-expat.cc(201): error C2228: left of '.This' must have class/struct/union [D:\source-code\video-details\node_modules\node-expat\build\node_expat.vcxproj]
    ..\node-expat.cc(201): note: type is 'unknown-type'
  ..\node-expat.cc(205): error C2039: 'Close': is not a member of 'v8::HandleScope' [D:\source-code\video-details\node_modules\node-expat\build\node_expat.vcxproj]
    c:\users\admin\.node-gyp\9.10.0\include\node\v8.h(857): note: see declaration of 'v8::HandleScope'
  ..\node-expat.cc(205): error C2039: 'New': is not a member of 'v8::String' [D:\source-code\video-details\node_modules\node-expat\build\node_expat.vcxproj]
    c:\users\admin\.node-gyp\9.10.0\include\node\v8.h(2503): note: see declaration of 'v8::String'
  ..\node-expat.cc(205): error C2664: 'v8::Local<v8::Value> Parser::New(const int)': cannot convert argument 1 from 'const XML_LChar *' to 'const int' [D:\source-code\video-details\node_modules\node-expat\build\node_expat.vcxproj]
    ..\node-expat.cc(205): note: There is no context in which this conversion is possible
  ..\node-expat.cc(207): error C2039: 'Close': is not a member of 'v8::HandleScope' [D:\source-code\video-details\node_modules\node-expat\build\node_expat.vcxproj]
    c:\users\admin\.node-gyp\9.10.0\include\node\v8.h(857): note: see declaration of 'v8::HandleScope'
  ..\node-expat.cc(207): error C2660: 'v8::Null': function does not take 0 arguments [D:\source-code\video-details\node_modules\node-expat\build\node_expat.vcxproj]
  ..\node-expat.cc(214): error C2065: 'args': undeclared identifier [D:\source-code\video-details\node_modules\node-expat\build\node_expat.vcxproj]
  ..\node-expat.cc(214): error C2228: left of '.This' must have class/struct/union [D:\source-code\video-details\node_modules\node-expat\build\node_expat.vcxproj]
    ..\node-expat.cc(214): note: type is 'unknown-type'
  ..\node-expat.cc(215): error C2248: 'v8::HandleScope::HandleScope': cannot access protected member declared in class 'v8::HandleScope' [D:\source-code\video-details\node_modules\node-expat\build\node_expat.vcxproj]
    c:\users\admin\.node-gyp\9.10.0\include\node\v8.h(876): note: see declaration of 'v8::HandleScope::HandleScope'
    c:\users\admin\.node-gyp\9.10.0\include\node\v8.h(857): note: see declaration of 'v8::HandleScope'
  ..\node-expat.cc(219): error C2039: 'Close': is not a member of 'v8::HandleScope' [D:\source-code\video-details\node_modules\node-expat\build\node_expat.vcxproj]
    c:\users\admin\.node-gyp\9.10.0\include\node\v8.h(857): note: see declaration of 'v8::HandleScope'
  ..\node-expat.cc(219): error C2660: 'v8::True': function does not take 0 arguments [D:\source-code\video-details\node_modules\node-expat\build\node_expat.vcxproj]
  ..\node-expat.cc(219): error C2660: 'v8::False': function does not take 0 arguments [D:\source-code\video-details\node_modules\node-expat\build\node_expat.vcxproj]
  ..\node-expat.cc(231): error C2065: 'args': undeclared identifier [D:\source-code\video-details\node_modules\node-expat\build\node_expat.vcxproj]
  ..\node-expat.cc(231): fatal error C1003: error count exceeds 100; stopping compilation [D:\source-code\video-details\node_modules\node-expat\build\node_expat.vcxproj]
  gyp ERR! build error 
  gyp ERR! stack Error: `C:\Program Files (x86)\MSBuild\14.0\bin\msbuild.exe` failed with exit code: 1
  gyp ERR! stack     at ChildProcess.onExit (C:\Program Files (x86)\nodejs\node_modules\npm\node_modules\node-gyp\lib\build.js:258:23)
  gyp ERR! stack     at ChildProcess.emit (events.js:180:13)
  gyp ERR! stack     at Process.ChildProcess._handle.onexit (internal/child_process.js:209:12)
  gyp ERR! System Windows_NT 10.0.17763
  gyp ERR! command "C:\\Program Files (x86)\\nodejs\\node.exe" "C:\\Program Files (x86)\\nodejs\\node_modules\\npm\\node_modules\\node-gyp\\bin\\node-gyp.js" "rebuild"
  gyp ERR! cwd D:\source-code\video-details\node_modules\node-expat
  gyp ERR! node -v v9.10.0
  gyp ERR! node-gyp -v v3.6.2
  gyp ERR! not ok
      at ProcessTermError.MessageError (C:\Program Files (x86)\Yarn\lib\cli.js:186:110)
      at new ProcessTermError (C:\Program Files (x86)\Yarn\lib\cli.js:226:113)
      at ChildProcess.<anonymous> (C:\Program Files (x86)\Yarn\lib\cli.js:30281:17)
      at ChildProcess.emit (events.js:180:13)
      at maybeClose (internal/child_process.js:936:16)
      at Process.ChildProcess._handle.onexit (internal/child_process.js:220:5)
